[04:02:25] [ServerMain/INFO]: Environment: authHost='https://authserver.mojang.com', accountsHost='https://api.mojang.com', sessionHost='https://sessionserver.mojang.com', servicesHost='https://api.minecraftservices.com', name='PROD'
[04:02:27] [ServerMain/WARN]: Ambiguity between arguments [teleport, location] and [teleport, destination] with inputs: [0.1 -0.5 .9, 0 0 0]
[04:02:27] [ServerMain/WARN]: Ambiguity between arguments [teleport, location] and [teleport, targets] with inputs: [0.1 -0.5 .9, 0 0 0]
[04:02:27] [ServerMain/WARN]: Ambiguity between arguments [teleport, destination] and [teleport, targets] with inputs: [Player, 0123, @e, dd12be42-52a9-4a91-a8a1-11c01849e498]
[04:02:27] [ServerMain/WARN]: Ambiguity between arguments [teleport, targets] and [teleport, destination] with inputs: [Player, 0123, dd12be42-52a9-4a91-a8a1-11c01849e498]
[04:02:27] [ServerMain/WARN]: Ambiguity between arguments [teleport, targets, location] and [teleport, targets, destination] with inputs: [0.1 -0.5 .9, 0 0 0]
[04:02:27] [ServerMain/INFO]: Reloading ResourceManager: Default, double shulker shells v1.3.2.zip, more mob heads v2.9.4.zip, multiplayer sleep v2.6.2.zip, player head drops v1.1.2.zip, silence mobs v1.1.2.zip, unlock all recipes v2.0.3.zip, VanillaTweaks_c566131.zip, fastleafdecay.zip, afk display v1.1.2.zip, count mob deaths v1.1.2.zip, track raw statistics v1.5.2.zip, track statistics v1.1.3.zip, villager workstation highlights v1.1.2.zip, sugar-to-gunpowder-by-chesterhung3218.zip
[04:02:29] [Worker-Main-16/INFO]: Loaded 7 recipes
[04:02:29] [Worker-Main-16/WARN]: Found validation problem in {minecraft:entities/ender_dragon}.pools[0].entries[0]: Unknown loot table called minecraft:entities/reference/extra/ender_dragon
[04:02:30] [Worker-Main-16/INFO]: Loaded 1157 advancements
[04:02:36] [Server thread/INFO]: Starting minecraft server version 1.18.1
[04:02:36] [Server thread/INFO]: Loading properties
[04:02:36] [Server thread/WARN]: You specified a resource pack without providing a sha1 hash. Pack will be updated on the client only if you change the name of the pack.
[04:02:36] [Server thread/INFO]: Default game type: SURVIVAL
[04:02:36] [Server thread/INFO]: Generating keypair
[04:02:37] [Server thread/INFO]: Starting Minecraft server on 135.125.16.94:25582
[04:02:37] [Server thread/INFO]: Using epoll channel type
[04:02:37] [Server thread/INFO]: Preparing level "minecraic"
[04:02:38] [Server thread/INFO]: Preparing start region for dimension minecraft:overworld
[04:02:41] [Worker-Main-18/INFO]: Preparing spawn area: 0%
[04:02:41] [Worker-Main-22/INFO]: Preparing spawn area: 0%
[04:02:41] [Worker-Main-15/INFO]: Preparing spawn area: 0%
[04:02:41] [Worker-Main-18/INFO]: Preparing spawn area: 0%
[04:02:41] [Worker-Main-19/INFO]: Preparing spawn area: 0%
[04:02:41] [Worker-Main-19/INFO]: Preparing spawn area: 0%
[04:02:41] [Worker-Main-18/INFO]: Preparing spawn area: 0%
[04:02:41] [Worker-Main-22/INFO]: Preparing spawn area: 0%
[04:02:42] [Worker-Main-16/INFO]: Preparing spawn area: 0%
[04:02:42] [Worker-Main-22/INFO]: Preparing spawn area: 0%
[04:02:43] [Worker-Main-19/INFO]: Preparing spawn area: 0%
[04:02:43] [Worker-Main-17/INFO]: Preparing spawn area: 0%
[04:02:44] [Worker-Main-22/INFO]: Preparing spawn area: 0%
[04:02:44] [Worker-Main-20/INFO]: Preparing spawn area: 0%
[04:02:45] [Worker-Main-15/INFO]: Preparing spawn area: 0%
[04:02:45] [Worker-Main-17/INFO]: Preparing spawn area: 0%
[04:02:46] [Worker-Main-14/INFO]: Preparing spawn area: 0%
[04:02:46] [Worker-Main-22/INFO]: Preparing spawn area: 0%
[04:02:47] [Worker-Main-22/INFO]: Preparing spawn area: 0%
[04:02:47] [Worker-Main-18/INFO]: Preparing spawn area: 0%
[04:02:48] [Worker-Main-17/INFO]: Preparing spawn area: 1%
[04:02:48] [Worker-Main-17/INFO]: Preparing spawn area: 3%
[04:02:49] [Worker-Main-15/INFO]: Preparing spawn area: 4%
[04:02:49] [Worker-Main-13/INFO]: Preparing spawn area: 4%
[04:02:50] [Worker-Main-15/INFO]: Preparing spawn area: 4%
[04:02:50] [Worker-Main-19/INFO]: Preparing spawn area: 4%
[04:02:51] [Worker-Main-18/INFO]: Preparing spawn area: 4%
[04:02:51] [Worker-Main-19/INFO]: Preparing spawn area: 4%
[04:02:52] [Worker-Main-12/INFO]: Preparing spawn area: 4%
[04:02:52] [Worker-Main-18/INFO]: Preparing spawn area: 7%
[04:02:53] [Worker-Main-21/INFO]: Preparing spawn area: 7%
[04:02:53] [Worker-Main-16/INFO]: Preparing spawn area: 8%
[04:02:54] [Worker-Main-21/INFO]: Preparing spawn area: 10%
[04:02:54] [Worker-Main-13/INFO]: Preparing spawn area: 12%
[04:02:55] [Worker-Main-12/INFO]: Preparing spawn area: 17%
[04:02:55] [Worker-Main-21/INFO]: Preparing spawn area: 17%
[04:02:56] [Worker-Main-22/INFO]: Preparing spawn area: 37%
[04:02:56] [Worker-Main-18/INFO]: Preparing spawn area: 47%
[04:02:57] [Worker-Main-19/INFO]: Preparing spawn area: 50%
[04:02:57] [Worker-Main-14/INFO]: Preparing spawn area: 60%
[04:02:58] [Worker-Main-12/INFO]: Preparing spawn area: 74%
[04:02:58] [Worker-Main-22/INFO]: Preparing spawn area: 81%
[04:02:59] [Worker-Main-20/INFO]: Preparing spawn area: 86%
[04:02:59] [Worker-Main-15/INFO]: Preparing spawn area: 98%
[04:03:00] [Server thread/INFO]: Time elapsed: 22605 ms
[04:03:00] [Server thread/INFO]: Done (23.114s)! For help, type "help"
[04:12:13] [Server thread/INFO]: Saving is already turned on
[04:12:13] [Server thread/INFO]: Saving the game (this may take a moment!)
[04:12:13] [Server thread/INFO]: Saved the game
[04:22:13] [Server thread/INFO]: Saving is already turned on
[04:22:13] [Server thread/INFO]: Saving the game (this may take a moment!)
[04:22:13] [Server thread/INFO]: Saved the game
[04:32:14] [Server thread/INFO]: Saving is already turned on
[04:32:14] [Server thread/INFO]: Saving the game (this may take a moment!)
[04:32:14] [Server thread/INFO]: Saved the game
[04:42:14] [Server thread/INFO]: Saving is already turned on
[04:42:14] [Server thread/INFO]: Saving the game (this may take a moment!)
[04:42:14] [Server thread/INFO]: Saved the game
[04:52:15] [Server thread/INFO]: Saving is already turned on
[04:52:15] [Server thread/INFO]: Saving the game (this may take a moment!)
[04:52:15] [Server thread/INFO]: Saved the game
[05:02:16] [Server thread/INFO]: Saving is already turned on
[05:02:16] [Server thread/INFO]: Saving the game (this may take a moment!)
[05:02:16] [Server thread/INFO]: Saved the game
[05:12:16] [Server thread/INFO]: Saving is already turned on
[05:12:16] [Server thread/INFO]: Saving the game (this may take a moment!)
[05:12:16] [Server thread/INFO]: Saved the game
[05:22:17] [Server thread/INFO]: Saving is already turned on
[05:22:17] [Server thread/INFO]: Saving the game (this may take a moment!)
[05:22:17] [Server thread/INFO]: Saved the game
[05:32:17] [Server thread/INFO]: Saving is already turned on
[05:32:17] [Server thread/INFO]: Saving the game (this may take a moment!)
[05:32:17] [Server thread/INFO]: Saved the game
[05:42:18] [Server thread/INFO]: Saving is already turned on
[05:42:18] [Server thread/INFO]: Saving the game (this may take a moment!)
[05:42:18] [Server thread/INFO]: Saved the game
[05:52:19] [Server thread/INFO]: Saving is already turned on
[05:52:19] [Server thread/INFO]: Saving the game (this may take a moment!)
[05:52:19] [Server thread/INFO]: Saved the game
[06:02:19] [Server thread/INFO]: Saving is already turned on
[06:02:19] [Server thread/INFO]: Saving the game (this may take a moment!)
[06:02:19] [Server thread/INFO]: Saved the game
[06:12:20] [Server thread/INFO]: Saving is already turned on
[06:12:20] [Server thread/INFO]: Saving the game (this may take a moment!)
[06:12:20] [Server thread/INFO]: Saved the game
[06:22:21] [Server thread/INFO]: Saving is already turned on
[06:22:21] [Server thread/INFO]: Saving the game (this may take a moment!)
[06:22:21] [Server thread/INFO]: Saved the game
[06:32:21] [Server thread/INFO]: Saving is already turned on
[06:32:21] [Server thread/INFO]: Saving the game (this may take a moment!)
[06:32:21] [Server thread/INFO]: Saved the game
[06:42:22] [Server thread/INFO]: Saving is already turned on
[06:42:22] [Server thread/INFO]: Saving the game (this may take a moment!)
[06:42:22] [Server thread/INFO]: Saved the game
[06:52:22] [Server thread/INFO]: Saving is already turned on
[06:52:22] [Server thread/INFO]: Saving the game (this may take a moment!)
[06:52:22] [Server thread/INFO]: Saved the game
[07:02:23] [Server thread/INFO]: Saving is already turned on
[07:02:23] [Server thread/INFO]: Saving the game (this may take a moment!)
[07:02:23] [Server thread/INFO]: Saved the game
[07:12:24] [Server thread/INFO]: Saving is already turned on
[07:12:24] [Server thread/INFO]: Saving the game (this may take a moment!)
[07:12:24] [Server thread/INFO]: Saved the game
[07:22:24] [Server thread/INFO]: Saving is already turned on
[07:22:24] [Server thread/INFO]: Saving the game (this may take a moment!)
[07:22:24] [Server thread/INFO]: Saved the game
[07:32:25] [Server thread/INFO]: Saving is already turned on
[07:32:25] [Server thread/INFO]: Saving the game (this may take a moment!)
[07:32:25] [Server thread/INFO]: Saved the game
[07:42:25] [Server thread/INFO]: Saving is already turned on
[07:42:25] [Server thread/INFO]: Saving the game (this may take a moment!)
[07:42:25] [Server thread/INFO]: Saved the game
[07:52:26] [Server thread/INFO]: Saving is already turned on
[07:52:26] [Server thread/INFO]: Saving the game (this may take a moment!)
[07:52:26] [Server thread/INFO]: Saved the game
[08:02:27] [Server thread/INFO]: Saving is already turned on
[08:02:27] [Server thread/INFO]: Saving the game (this may take a moment!)
[08:02:27] [Server thread/INFO]: Saved the game
[08:12:27] [Server thread/INFO]: Saving is already turned on
[08:12:27] [Server thread/INFO]: Saving the game (this may take a moment!)
[08:12:27] [Server thread/INFO]: Saved the game
[08:22:28] [Server thread/INFO]: Saving is already turned on
[08:22:28] [Server thread/INFO]: Saving the game (this may take a moment!)
[08:22:28] [Server thread/INFO]: Saved the game
[08:32:28] [Server thread/INFO]: Saving is already turned on
[08:32:28] [Server thread/INFO]: Saving the game (this may take a moment!)
[08:32:28] [Server thread/INFO]: Saved the game
[08:42:29] [Server thread/INFO]: Saving is already turned on
[08:42:29] [Server thread/INFO]: Saving the game (this may take a moment!)
[08:42:29] [Server thread/INFO]: Saved the game
[08:52:30] [Server thread/INFO]: Saving is already turned on
[08:52:30] [Server thread/INFO]: Saving the game (this may take a moment!)
[08:52:30] [Server thread/INFO]: Saved the game
[09:02:30] [Server thread/INFO]: Saving is already turned on
[09:02:30] [Server thread/INFO]: Saving the game (this may take a moment!)
[09:02:30] [Server thread/INFO]: Saved the game
[09:12:31] [Server thread/INFO]: Saving is already turned on
[09:12:31] [Server thread/INFO]: Saving the game (this may take a moment!)
[09:12:31] [Server thread/INFO]: Saved the game
[09:22:31] [Server thread/INFO]: Saving is already turned on
[09:22:31] [Server thread/INFO]: Saving the game (this may take a moment!)
[09:22:31] [Server thread/INFO]: Saved the game
[09:32:32] [Server thread/INFO]: Saving is already turned on
[09:32:32] [Server thread/INFO]: Saving the game (this may take a moment!)
[09:32:32] [Server thread/INFO]: Saved the game
[09:42:33] [Server thread/INFO]: Saving is already turned on
[09:42:33] [Server thread/INFO]: Saving the game (this may take a moment!)
[09:42:33] [Server thread/INFO]: Saved the game
[09:52:33] [Server thread/INFO]: Saving is already turned on
[09:52:33] [Server thread/INFO]: Saving the game (this may take a moment!)
[09:52:33] [Server thread/INFO]: Saved the game
[10:02:34] [Server thread/INFO]: Saving is already turned on
[10:02:34] [Server thread/INFO]: Saving the game (this may take a moment!)
[10:02:34] [Server thread/INFO]: Saved the game
[10:12:34] [Server thread/INFO]: Saving is already turned on
[10:12:34] [Server thread/INFO]: Saving the game (this may take a moment!)
[10:12:34] [Server thread/INFO]: Saved the game
